{"C:\\Users\\kater\\starwarschars\\StarWarsReact\\src\\App.tsx": {"path":"C:\\Users\\kater\\starwarschars\\StarWarsReact\\src\\App.tsx","all":true,"statementMap":{"0":{"start":{"line":1,"column":0},"end":{"line":1,"column":60}},"1":{"start":{"line":2,"column":0},"end":{"line":2,"column":19}},"2":{"start":{"line":3,"column":0},"end":{"line":3,"column":32}},"3":{"start":{"line":4,"column":0},"end":{"line":4,"column":60}},"4":{"start":{"line":5,"column":0},"end":{"line":5,"column":45}},"5":{"start":{"line":6,"column":0},"end":{"line":6,"column":72}},"7":{"start":{"line":8,"column":0},"end":{"line":8,"column":29}},"9":{"start":{"line":10,"column":0},"end":{"line":10,"column":16}},"10":{"start":{"line":11,"column":0},"end":{"line":11,"column":39}},"11":{"start":{"line":12,"column":0},"end":{"line":12,"column":52}},"12":{"start":{"line":13,"column":0},"end":{"line":13,"column":73}},"13":{"start":{"line":14,"column":0},"end":{"line":14,"column":56}},"16":{"start":{"line":17,"column":0},"end":{"line":17,"column":19}},"17":{"start":{"line":18,"column":0},"end":{"line":18,"column":35}},"18":{"start":{"line":19,"column":0},"end":{"line":19,"column":11}},"19":{"start":{"line":20,"column":0},"end":{"line":20,"column":90}},"20":{"start":{"line":21,"column":0},"end":{"line":21,"column":45}},"21":{"start":{"line":22,"column":0},"end":{"line":22,"column":24}},"22":{"start":{"line":23,"column":0},"end":{"line":23,"column":23}},"23":{"start":{"line":24,"column":0},"end":{"line":24,"column":53}},"24":{"start":{"line":25,"column":0},"end":{"line":25,"column":7}},"25":{"start":{"line":26,"column":0},"end":{"line":26,"column":6}},"26":{"start":{"line":27,"column":0},"end":{"line":27,"column":16}},"27":{"start":{"line":28,"column":0},"end":{"line":28,"column":20}},"29":{"start":{"line":30,"column":0},"end":{"line":30,"column":61}},"30":{"start":{"line":31,"column":0},"end":{"line":31,"column":42}},"31":{"start":{"line":32,"column":0},"end":{"line":32,"column":25}},"32":{"start":{"line":33,"column":0},"end":{"line":33,"column":4}},"34":{"start":{"line":35,"column":0},"end":{"line":35,"column":28}},"35":{"start":{"line":36,"column":0},"end":{"line":36,"column":26}},"36":{"start":{"line":37,"column":0},"end":{"line":37,"column":34}},"37":{"start":{"line":38,"column":0},"end":{"line":38,"column":4}},"39":{"start":{"line":40,"column":0},"end":{"line":40,"column":29}},"40":{"start":{"line":41,"column":0},"end":{"line":41,"column":17}},"41":{"start":{"line":42,"column":0},"end":{"line":42,"column":26}},"42":{"start":{"line":43,"column":0},"end":{"line":43,"column":33}},"43":{"start":{"line":44,"column":0},"end":{"line":44,"column":37}},"44":{"start":{"line":45,"column":0},"end":{"line":45,"column":28}},"45":{"start":{"line":46,"column":0},"end":{"line":46,"column":43}},"47":{"start":{"line":48,"column":0},"end":{"line":48,"column":66}},"49":{"start":{"line":50,"column":0},"end":{"line":50,"column":15}},"50":{"start":{"line":51,"column":0},"end":{"line":51,"column":86}},"51":{"start":{"line":52,"column":0},"end":{"line":52,"column":13}},"52":{"start":{"line":53,"column":0},"end":{"line":53,"column":3}},"54":{"start":{"line":55,"column":0},"end":{"line":55,"column":10}},"55":{"start":{"line":56,"column":0},"end":{"line":56,"column":6}},"56":{"start":{"line":57,"column":0},"end":{"line":57,"column":17}},"57":{"start":{"line":58,"column":0},"end":{"line":58,"column":25}},"58":{"start":{"line":59,"column":0},"end":{"line":59,"column":36}},"59":{"start":{"line":60,"column":0},"end":{"line":60,"column":33}},"60":{"start":{"line":61,"column":0},"end":{"line":61,"column":33}},"61":{"start":{"line":62,"column":0},"end":{"line":62,"column":8}},"62":{"start":{"line":63,"column":0},"end":{"line":63,"column":57}},"63":{"start":{"line":64,"column":0},"end":{"line":64,"column":21}},"64":{"start":{"line":65,"column":0},"end":{"line":65,"column":7}},"66":{"start":{"line":67,"column":0},"end":{"line":67,"column":1}},"68":{"start":{"line":69,"column":0},"end":{"line":69,"column":19}}},"s":{"0":0,"1":0,"2":0,"3":0,"4":0,"5":0,"7":0,"9":0,"10":0,"11":0,"12":0,"13":0,"16":0,"17":0,"18":0,"19":0,"20":0,"21":0,"22":0,"23":0,"24":0,"25":0,"26":0,"27":0,"29":0,"30":0,"31":0,"32":0,"34":0,"35":0,"36":0,"37":0,"39":0,"40":0,"41":0,"42":0,"43":0,"44":0,"45":0,"47":0,"49":0,"50":0,"51":0,"52":0,"54":0,"55":0,"56":0,"57":0,"58":0,"59":0,"60":0,"61":0,"62":0,"63":0,"64":0,"66":0,"68":0},"branchMap":{"0":{"type":"branch","line":1,"loc":{"start":{"line":1,"column":0},"end":{"line":69,"column":-639}},"locations":[{"start":{"line":1,"column":0},"end":{"line":69,"column":-639}}]}},"b":{"0":[0]},"fnMap":{"0":{"name":"(empty-report)","decl":{"start":{"line":1,"column":0},"end":{"line":69,"column":-639}},"loc":{"start":{"line":1,"column":0},"end":{"line":69,"column":-639}},"line":1}},"f":{"0":0}}
,"C:\\Users\\kater\\starwarschars\\StarWarsReact\\src\\main.tsx": {"path":"C:\\Users\\kater\\starwarschars\\StarWarsReact\\src\\main.tsx","all":true,"statementMap":{"0":{"start":{"line":1,"column":0},"end":{"line":1,"column":34}},"1":{"start":{"line":2,"column":0},"end":{"line":2,"column":45}},"2":{"start":{"line":3,"column":0},"end":{"line":3,"column":27}},"3":{"start":{"line":4,"column":0},"end":{"line":4,"column":20}},"5":{"start":{"line":6,"column":0},"end":{"line":6,"column":52}},"6":{"start":{"line":7,"column":0},"end":{"line":7,"column":14}},"7":{"start":{"line":8,"column":0},"end":{"line":8,"column":11}},"8":{"start":{"line":9,"column":0},"end":{"line":9,"column":16}},"9":{"start":{"line":10,"column":0},"end":{"line":10,"column":1}}},"s":{"0":0,"1":0,"2":0,"3":0,"5":0,"6":0,"7":0,"8":0,"9":0},"branchMap":{"0":{"type":"branch","line":1,"loc":{"start":{"line":1,"column":229},"end":{"line":10,"column":1}},"locations":[{"start":{"line":1,"column":229},"end":{"line":10,"column":1}}]}},"b":{"0":[0]},"fnMap":{"0":{"name":"(empty-report)","decl":{"start":{"line":1,"column":229},"end":{"line":10,"column":1}},"loc":{"start":{"line":1,"column":229},"end":{"line":10,"column":1}},"line":1}},"f":{"0":0}}
,"C:\\Users\\kater\\starwarschars\\StarWarsReact\\src\\components\\Cards\\Cards.tsx": {"path":"C:\\Users\\kater\\starwarschars\\StarWarsReact\\src\\components\\Cards\\Cards.tsx","all":false,"statementMap":{"0":{"start":{"line":1,"column":0},"end":{"line":1,"column":0}},"3":{"start":{"line":4,"column":0},"end":{"line":4,"column":21}},"6":{"start":{"line":7,"column":0},"end":{"line":7,"column":74}},"9":{"start":{"line":10,"column":0},"end":{"line":10,"column":64}},"11":{"start":{"line":12,"column":0},"end":{"line":12,"column":61}},"12":{"start":{"line":13,"column":0},"end":{"line":13,"column":42}},"13":{"start":{"line":14,"column":0},"end":{"line":14,"column":1}},"16":{"start":{"line":17,"column":0},"end":{"line":17,"column":95}},"19":{"start":{"line":20,"column":0},"end":{"line":20,"column":33}},"20":{"start":{"line":21,"column":0},"end":{"line":21,"column":37}},"21":{"start":{"line":22,"column":0},"end":{"line":22,"column":5}},"23":{"start":{"line":24,"column":0},"end":{"line":24,"column":12}},"24":{"start":{"line":25,"column":0},"end":{"line":25,"column":31}},"25":{"start":{"line":26,"column":0},"end":{"line":26,"column":67}},"26":{"start":{"line":27,"column":0},"end":{"line":27,"column":24}},"27":{"start":{"line":28,"column":0},"end":{"line":28,"column":24}},"28":{"start":{"line":29,"column":0},"end":{"line":29,"column":35}},"29":{"start":{"line":30,"column":0},"end":{"line":30,"column":69}},"30":{"start":{"line":31,"column":0},"end":{"line":31,"column":66}},"32":{"start":{"line":33,"column":0},"end":{"line":33,"column":49}},"33":{"start":{"line":34,"column":0},"end":{"line":34,"column":28}},"34":{"start":{"line":35,"column":0},"end":{"line":35,"column":69}},"35":{"start":{"line":36,"column":0},"end":{"line":36,"column":48}},"36":{"start":{"line":37,"column":0},"end":{"line":37,"column":26}},"37":{"start":{"line":38,"column":0},"end":{"line":38,"column":53}},"38":{"start":{"line":39,"column":0},"end":{"line":39,"column":72}},"39":{"start":{"line":40,"column":0},"end":{"line":40,"column":72}},"40":{"start":{"line":41,"column":0},"end":{"line":41,"column":70}},"41":{"start":{"line":42,"column":0},"end":{"line":42,"column":30}},"42":{"start":{"line":43,"column":0},"end":{"line":43,"column":26}},"44":{"start":{"line":45,"column":0},"end":{"line":45,"column":15}},"45":{"start":{"line":46,"column":0},"end":{"line":46,"column":14}},"47":{"start":{"line":48,"column":0},"end":{"line":48,"column":1}},"49":{"start":{"line":50,"column":0},"end":{"line":50,"column":21}}},"s":{"0":1,"3":1,"6":1,"9":2,"11":2,"12":2,"13":2,"16":1,"19":1,"20":0,"21":0,"23":1,"24":1,"25":1,"26":2,"27":2,"28":2,"29":2,"30":2,"32":2,"33":2,"34":2,"35":2,"36":2,"37":2,"38":2,"39":2,"40":2,"41":2,"42":2,"44":1,"45":1,"47":1,"49":1},"branchMap":{"0":{"type":"branch","line":10,"loc":{"start":{"line":10,"column":0},"end":{"line":14,"column":1}},"locations":[{"start":{"line":10,"column":0},"end":{"line":14,"column":1}}]},"1":{"type":"branch","line":17,"loc":{"start":{"line":17,"column":0},"end":{"line":48,"column":1}},"locations":[{"start":{"line":17,"column":0},"end":{"line":48,"column":1}}]},"2":{"type":"branch","line":20,"loc":{"start":{"line":20,"column":32},"end":{"line":22,"column":5}},"locations":[{"start":{"line":20,"column":32},"end":{"line":22,"column":5}}]},"3":{"type":"branch","line":26,"loc":{"start":{"line":26,"column":31},"end":{"line":45,"column":13}},"locations":[{"start":{"line":26,"column":31},"end":{"line":45,"column":13}}]}},"b":{"0":[2],"1":[1],"2":[0],"3":[2]},"fnMap":{"0":{"name":"getCharacterImageUrl","decl":{"start":{"line":10,"column":0},"end":{"line":14,"column":1}},"loc":{"start":{"line":10,"column":0},"end":{"line":14,"column":1}},"line":10},"1":{"name":"Cards","decl":{"start":{"line":17,"column":0},"end":{"line":48,"column":1}},"loc":{"start":{"line":17,"column":0},"end":{"line":48,"column":1}},"line":17},"2":{"name":"onClick","decl":{"start":{"line":31,"column":33},"end":{"line":31,"column":66}},"loc":{"start":{"line":31,"column":33},"end":{"line":31,"column":66}},"line":31}},"f":{"0":2,"1":1,"2":0}}
,"C:\\Users\\kater\\starwarschars\\StarWarsReact\\src\\components\\CharacterGraph\\CharacterGraph.tsx": {"path":"C:\\Users\\kater\\starwarschars\\StarWarsReact\\src\\components\\CharacterGraph\\CharacterGraph.tsx","all":false,"statementMap":{"0":{"start":{"line":1,"column":0},"end":{"line":1,"column":44}},"1":{"start":{"line":2,"column":0},"end":{"line":2,"column":50}},"2":{"start":{"line":3,"column":0},"end":{"line":3,"column":38}},"3":{"start":{"line":4,"column":0},"end":{"line":4,"column":30}},"7":{"start":{"line":8,"column":0},"end":{"line":8,"column":49}},"9":{"start":{"line":10,"column":0},"end":{"line":10,"column":67}},"10":{"start":{"line":11,"column":0},"end":{"line":11,"column":89}},"11":{"start":{"line":12,"column":0},"end":{"line":12,"column":6}},"13":{"start":{"line":14,"column":0},"end":{"line":14,"column":12}},"14":{"start":{"line":15,"column":0},"end":{"line":15,"column":35}},"15":{"start":{"line":16,"column":0},"end":{"line":16,"column":39}},"16":{"start":{"line":17,"column":0},"end":{"line":17,"column":16}},"17":{"start":{"line":18,"column":0},"end":{"line":18,"column":96}},"18":{"start":{"line":19,"column":0},"end":{"line":19,"column":32}},"19":{"start":{"line":20,"column":0},"end":{"line":20,"column":37}},"20":{"start":{"line":21,"column":0},"end":{"line":21,"column":14}},"21":{"start":{"line":22,"column":0},"end":{"line":22,"column":66}},"22":{"start":{"line":23,"column":0},"end":{"line":23,"column":63}},"23":{"start":{"line":24,"column":0},"end":{"line":24,"column":14}},"25":{"start":{"line":26,"column":0},"end":{"line":26,"column":1}},"27":{"start":{"line":28,"column":0},"end":{"line":28,"column":29}},"28":{"start":{"line":29,"column":0},"end":{"line":29,"column":30}},"30":{"start":{"line":31,"column":0},"end":{"line":31,"column":66}},"31":{"start":{"line":32,"column":0},"end":{"line":32,"column":45}},"32":{"start":{"line":33,"column":0},"end":{"line":33,"column":43}},"33":{"start":{"line":34,"column":0},"end":{"line":34,"column":43}},"35":{"start":{"line":36,"column":0},"end":{"line":36,"column":21}},"37":{"start":{"line":38,"column":0},"end":{"line":38,"column":34}},"40":{"start":{"line":41,"column":0},"end":{"line":41,"column":102}},"42":{"start":{"line":43,"column":0},"end":{"line":43,"column":172}},"44":{"start":{"line":45,"column":0},"end":{"line":45,"column":51}},"45":{"start":{"line":46,"column":0},"end":{"line":46,"column":17}},"47":{"start":{"line":48,"column":0},"end":{"line":48,"column":68}},"49":{"start":{"line":50,"column":0},"end":{"line":50,"column":72}},"50":{"start":{"line":51,"column":0},"end":{"line":51,"column":46}},"51":{"start":{"line":52,"column":0},"end":{"line":52,"column":76}},"52":{"start":{"line":53,"column":0},"end":{"line":53,"column":38}},"53":{"start":{"line":54,"column":0},"end":{"line":54,"column":37}},"55":{"start":{"line":56,"column":0},"end":{"line":56,"column":49}},"56":{"start":{"line":57,"column":0},"end":{"line":57,"column":36}},"59":{"start":{"line":60,"column":0},"end":{"line":60,"column":88}},"60":{"start":{"line":61,"column":0},"end":{"line":61,"column":52}},"62":{"start":{"line":63,"column":0},"end":{"line":63,"column":48}},"63":{"start":{"line":64,"column":0},"end":{"line":64,"column":40}},"64":{"start":{"line":65,"column":0},"end":{"line":65,"column":34}},"65":{"start":{"line":66,"column":0},"end":{"line":66,"column":25}},"66":{"start":{"line":67,"column":0},"end":{"line":67,"column":46}},"67":{"start":{"line":68,"column":0},"end":{"line":68,"column":75}},"68":{"start":{"line":69,"column":0},"end":{"line":69,"column":41}},"69":{"start":{"line":70,"column":0},"end":{"line":70,"column":26}},"70":{"start":{"line":71,"column":0},"end":{"line":71,"column":50}},"71":{"start":{"line":72,"column":0},"end":{"line":72,"column":22}},"73":{"start":{"line":74,"column":0},"end":{"line":74,"column":44}},"74":{"start":{"line":75,"column":0},"end":{"line":75,"column":35}},"75":{"start":{"line":76,"column":0},"end":{"line":76,"column":54}},"76":{"start":{"line":77,"column":0},"end":{"line":77,"column":42}},"77":{"start":{"line":78,"column":0},"end":{"line":78,"column":48}},"78":{"start":{"line":79,"column":0},"end":{"line":79,"column":80}},"79":{"start":{"line":80,"column":0},"end":{"line":80,"column":23}},"80":{"start":{"line":81,"column":0},"end":{"line":81,"column":19}},"82":{"start":{"line":83,"column":0},"end":{"line":83,"column":47}},"83":{"start":{"line":84,"column":0},"end":{"line":84,"column":76}},"86":{"start":{"line":87,"column":0},"end":{"line":87,"column":70}},"87":{"start":{"line":88,"column":0},"end":{"line":88,"column":91}},"89":{"start":{"line":90,"column":0},"end":{"line":90,"column":64}},"91":{"start":{"line":92,"column":0},"end":{"line":92,"column":102}},"92":{"start":{"line":93,"column":0},"end":{"line":93,"column":85}},"94":{"start":{"line":95,"column":0},"end":{"line":95,"column":60}},"95":{"start":{"line":96,"column":0},"end":{"line":96,"column":52}},"96":{"start":{"line":97,"column":0},"end":{"line":97,"column":42}},"97":{"start":{"line":98,"column":0},"end":{"line":98,"column":33}},"98":{"start":{"line":99,"column":0},"end":{"line":99,"column":57}},"99":{"start":{"line":100,"column":0},"end":{"line":100,"column":44}},"100":{"start":{"line":101,"column":0},"end":{"line":101,"column":53}},"101":{"start":{"line":102,"column":0},"end":{"line":102,"column":34}},"102":{"start":{"line":103,"column":0},"end":{"line":103,"column":64}},"103":{"start":{"line":104,"column":0},"end":{"line":104,"column":30}},"105":{"start":{"line":106,"column":0},"end":{"line":106,"column":56}},"106":{"start":{"line":107,"column":0},"end":{"line":107,"column":76}},"107":{"start":{"line":108,"column":0},"end":{"line":108,"column":25}},"109":{"start":{"line":110,"column":0},"end":{"line":110,"column":61}},"110":{"start":{"line":111,"column":0},"end":{"line":111,"column":43}},"111":{"start":{"line":112,"column":0},"end":{"line":112,"column":74}},"112":{"start":{"line":113,"column":0},"end":{"line":113,"column":60}},"113":{"start":{"line":114,"column":0},"end":{"line":114,"column":71}},"114":{"start":{"line":115,"column":0},"end":{"line":115,"column":82}},"115":{"start":{"line":116,"column":0},"end":{"line":116,"column":31}},"116":{"start":{"line":117,"column":0},"end":{"line":117,"column":25}},"117":{"start":{"line":118,"column":0},"end":{"line":118,"column":23}},"118":{"start":{"line":119,"column":0},"end":{"line":119,"column":17}},"120":{"start":{"line":121,"column":0},"end":{"line":121,"column":35}},"121":{"start":{"line":122,"column":0},"end":{"line":122,"column":35}},"122":{"start":{"line":123,"column":0},"end":{"line":123,"column":29}},"123":{"start":{"line":124,"column":0},"end":{"line":124,"column":74}},"124":{"start":{"line":125,"column":0},"end":{"line":125,"column":13}},"125":{"start":{"line":126,"column":0},"end":{"line":126,"column":10}},"127":{"start":{"line":128,"column":0},"end":{"line":128,"column":32}},"128":{"start":{"line":129,"column":0},"end":{"line":129,"column":23}},"130":{"start":{"line":131,"column":0},"end":{"line":131,"column":12}},"131":{"start":{"line":132,"column":0},"end":{"line":132,"column":68}},"132":{"start":{"line":133,"column":0},"end":{"line":133,"column":90}},"133":{"start":{"line":134,"column":0},"end":{"line":134,"column":24}},"134":{"start":{"line":135,"column":0},"end":{"line":135,"column":14}},"136":{"start":{"line":137,"column":0},"end":{"line":137,"column":1}},"138":{"start":{"line":139,"column":0},"end":{"line":139,"column":30}}},"s":{"0":1,"1":1,"2":1,"3":1,"7":4,"9":4,"10":0,"11":0,"13":4,"14":4,"15":4,"16":4,"17":4,"18":4,"19":4,"20":4,"21":4,"22":4,"23":4,"25":4,"27":1,"28":1,"30":2,"31":2,"32":2,"33":2,"35":2,"37":1,"40":1,"42":1,"44":1,"45":1,"47":1,"49":1,"50":1,"51":1,"52":1,"53":1,"55":1,"56":1,"59":1,"60":1,"62":2,"63":2,"64":2,"65":2,"66":2,"67":2,"68":2,"69":2,"70":2,"71":2,"73":2,"74":2,"75":2,"76":2,"77":2,"78":2,"79":2,"80":1,"82":1,"83":1,"86":1,"87":2,"89":2,"91":1,"92":1,"94":1,"95":1,"96":1,"97":1,"98":1,"99":1,"100":1,"101":1,"102":1,"103":1,"105":1,"106":1,"107":1,"109":1,"110":1,"111":1,"112":1,"113":1,"114":1,"115":1,"116":1,"117":2,"118":2,"120":1,"121":1,"122":1,"123":0,"124":0,"125":1,"127":1,"128":2,"130":2,"131":2,"132":2,"133":2,"134":2,"136":2,"138":1},"branchMap":{"0":{"type":"branch","line":8,"loc":{"start":{"line":8,"column":0},"end":{"line":26,"column":1}},"locations":[{"start":{"line":8,"column":0},"end":{"line":26,"column":1}}]},"1":{"type":"branch","line":31,"loc":{"start":{"line":31,"column":0},"end":{"line":137,"column":1}},"locations":[{"start":{"line":31,"column":0},"end":{"line":137,"column":1}}]},"2":{"type":"branch","line":36,"loc":{"start":{"line":36,"column":14},"end":{"line":129,"column":7}},"locations":[{"start":{"line":36,"column":14},"end":{"line":129,"column":7}}]},"3":{"type":"branch","line":38,"loc":{"start":{"line":38,"column":27},"end":{"line":38,"column":34}},"locations":[{"start":{"line":38,"column":27},"end":{"line":38,"column":34}}]},"4":{"type":"branch","line":41,"loc":{"start":{"line":41,"column":26},"end":{"line":41,"column":102}},"locations":[{"start":{"line":41,"column":26},"end":{"line":41,"column":102}}]},"5":{"type":"branch","line":41,"loc":{"start":{"line":41,"column":81},"end":{"line":41,"column":100}},"locations":[{"start":{"line":41,"column":81},"end":{"line":41,"column":100}}]},"6":{"type":"branch","line":43,"loc":{"start":{"line":43,"column":27},"end":{"line":43,"column":172}},"locations":[{"start":{"line":43,"column":27},"end":{"line":43,"column":172}}]},"7":{"type":"branch","line":45,"loc":{"start":{"line":45,"column":38},"end":{"line":126,"column":10}},"locations":[{"start":{"line":45,"column":38},"end":{"line":126,"column":10}}]},"8":{"type":"branch","line":87,"loc":{"start":{"line":87,"column":69},"end":{"line":119,"column":17}},"locations":[{"start":{"line":87,"column":69},"end":{"line":119,"column":17}}]},"9":{"type":"branch","line":123,"loc":{"start":{"line":123,"column":12},"end":{"line":125,"column":13}},"locations":[{"start":{"line":123,"column":12},"end":{"line":125,"column":13}}]},"10":{"type":"branch","line":61,"loc":{"start":{"line":61,"column":34},"end":{"line":81,"column":17}},"locations":[{"start":{"line":61,"column":34},"end":{"line":81,"column":17}}]},"11":{"type":"branch","line":90,"loc":{"start":{"line":90,"column":42},"end":{"line":118,"column":21}},"locations":[{"start":{"line":90,"column":42},"end":{"line":118,"column":21}}]}},"b":{"0":[4],"1":[2],"2":[1],"3":[0],"4":[4],"5":[4],"6":[4],"7":[1],"8":[2],"9":[0],"10":[2],"11":[1]},"fnMap":{"0":{"name":"CardNode","decl":{"start":{"line":8,"column":0},"end":{"line":26,"column":1}},"loc":{"start":{"line":8,"column":0},"end":{"line":26,"column":1}},"line":8},"1":{"name":"handleError","decl":{"start":{"line":10,"column":24},"end":{"line":12,"column":6}},"loc":{"start":{"line":10,"column":24},"end":{"line":12,"column":6}},"line":10},"2":{"name":"CharacterGraph","decl":{"start":{"line":31,"column":0},"end":{"line":137,"column":1}},"loc":{"start":{"line":31,"column":0},"end":{"line":137,"column":1}},"line":31},"3":{"name":"fetchJson","decl":{"start":{"line":41,"column":26},"end":{"line":41,"column":102}},"loc":{"start":{"line":41,"column":26},"end":{"line":41,"column":102}},"line":41},"4":{"name":"createNode","decl":{"start":{"line":43,"column":27},"end":{"line":43,"column":172}},"loc":{"start":{"line":43,"column":27},"end":{"line":43,"column":172}},"line":43},"5":{"name":"fetchCharacterDetails","decl":{"start":{"line":45,"column":38},"end":{"line":126,"column":10}},"loc":{"start":{"line":45,"column":38},"end":{"line":126,"column":10}},"line":45}},"f":{"0":4,"1":0,"2":2,"3":4,"4":4,"5":1}}
,"C:\\Users\\kater\\starwarschars\\StarWarsReact\\src\\components\\Pagination\\Pagination.tsx": {"path":"C:\\Users\\kater\\starwarschars\\StarWarsReact\\src\\components\\Pagination\\Pagination.tsx","all":false,"statementMap":{"0":{"start":{"line":1,"column":0},"end":{"line":1,"column":52}},"1":{"start":{"line":2,"column":0},"end":{"line":2,"column":27}},"3":{"start":{"line":4,"column":0},"end":{"line":4,"column":84}},"4":{"start":{"line":5,"column":0},"end":{"line":5,"column":27}},"7":{"start":{"line":8,"column":0},"end":{"line":8,"column":69}},"8":{"start":{"line":9,"column":0},"end":{"line":9,"column":28}},"9":{"start":{"line":10,"column":0},"end":{"line":10,"column":5}},"12":{"start":{"line":13,"column":0},"end":{"line":13,"column":57}},"14":{"start":{"line":15,"column":0},"end":{"line":15,"column":31}},"16":{"start":{"line":17,"column":0},"end":{"line":17,"column":25}},"17":{"start":{"line":18,"column":0},"end":{"line":18,"column":6}},"19":{"start":{"line":20,"column":0},"end":{"line":20,"column":12}},"20":{"start":{"line":21,"column":0},"end":{"line":21,"column":13}},"21":{"start":{"line":22,"column":0},"end":{"line":22,"column":39}},"22":{"start":{"line":23,"column":0},"end":{"line":23,"column":46}},"23":{"start":{"line":24,"column":0},"end":{"line":24,"column":23}},"24":{"start":{"line":25,"column":0},"end":{"line":25,"column":36}},"25":{"start":{"line":26,"column":0},"end":{"line":26,"column":89}},"27":{"start":{"line":28,"column":0},"end":{"line":28,"column":26}},"28":{"start":{"line":29,"column":0},"end":{"line":29,"column":67}},"29":{"start":{"line":30,"column":0},"end":{"line":30,"column":37}},"30":{"start":{"line":31,"column":0},"end":{"line":31,"column":49}},"32":{"start":{"line":33,"column":0},"end":{"line":33,"column":36}},"33":{"start":{"line":34,"column":0},"end":{"line":34,"column":28}},"34":{"start":{"line":35,"column":0},"end":{"line":35,"column":25}},"35":{"start":{"line":36,"column":0},"end":{"line":36,"column":19}},"36":{"start":{"line":37,"column":0},"end":{"line":37,"column":17}},"37":{"start":{"line":38,"column":0},"end":{"line":38,"column":14}},"39":{"start":{"line":40,"column":0},"end":{"line":40,"column":1}},"41":{"start":{"line":42,"column":0},"end":{"line":42,"column":26}}},"s":{"0":1,"1":1,"3":1,"4":1,"7":1,"8":3,"9":3,"12":1,"14":1,"16":1,"17":1,"19":1,"20":1,"21":1,"22":1,"23":3,"24":3,"25":3,"27":3,"28":3,"29":3,"30":3,"32":3,"33":3,"34":3,"35":1,"36":1,"37":1,"39":1,"41":1},"branchMap":{"0":{"type":"branch","line":4,"loc":{"start":{"line":4,"column":0},"end":{"line":40,"column":1}},"locations":[{"start":{"line":4,"column":0},"end":{"line":40,"column":1}}]},"1":{"type":"branch","line":8,"loc":{"start":{"line":8,"column":68},"end":{"line":10,"column":5}},"locations":[{"start":{"line":8,"column":68},"end":{"line":10,"column":5}}]},"2":{"type":"branch","line":13,"loc":{"start":{"line":13,"column":24},"end":{"line":18,"column":6}},"locations":[{"start":{"line":13,"column":24},"end":{"line":18,"column":6}}]},"3":{"type":"branch","line":23,"loc":{"start":{"line":23,"column":33},"end":{"line":35,"column":25}},"locations":[{"start":{"line":23,"column":33},"end":{"line":35,"column":25}}]},"4":{"type":"branch","line":26,"loc":{"start":{"line":26,"column":64},"end":{"line":26,"column":84}},"locations":[{"start":{"line":26,"column":64},"end":{"line":26,"column":84}}]},"5":{"type":"branch","line":26,"loc":{"start":{"line":26,"column":73},"end":{"line":26,"column":86}},"locations":[{"start":{"line":26,"column":73},"end":{"line":26,"column":86}}]},"6":{"type":"branch","line":29,"loc":{"start":{"line":29,"column":37},"end":{"line":29,"column":67}},"locations":[{"start":{"line":29,"column":37},"end":{"line":29,"column":67}}]}},"b":{"0":[1],"1":[3],"2":[1],"3":[3],"4":[1],"5":[2],"6":[1]},"fnMap":{"0":{"name":"Pagination","decl":{"start":{"line":4,"column":0},"end":{"line":40,"column":1}},"loc":{"start":{"line":4,"column":0},"end":{"line":40,"column":1}},"line":4},"1":{"name":"handleClick","decl":{"start":{"line":13,"column":24},"end":{"line":18,"column":6}},"loc":{"start":{"line":13,"column":24},"end":{"line":18,"column":6}},"line":13},"2":{"name":"onClick","decl":{"start":{"line":29,"column":37},"end":{"line":29,"column":67}},"loc":{"start":{"line":29,"column":37},"end":{"line":29,"column":67}},"line":29}},"f":{"0":1,"1":1,"2":1}}
,"C:\\Users\\kater\\starwarschars\\StarWarsReact\\src\\interface\\CardData.ts": {"path":"C:\\Users\\kater\\starwarschars\\StarWarsReact\\src\\interface\\CardData.ts","all":true,"statementMap":{},"s":{},"branchMap":{"0":{"type":"branch","line":1,"loc":{"start":{"line":1,"column":87},"end":{"line":5,"column":1}},"locations":[{"start":{"line":1,"column":87},"end":{"line":5,"column":1}}]}},"b":{"0":[1]},"fnMap":{"0":{"name":"(empty-report)","decl":{"start":{"line":1,"column":87},"end":{"line":5,"column":1}},"loc":{"start":{"line":1,"column":87},"end":{"line":5,"column":1}},"line":1}},"f":{"0":1}}
,"C:\\Users\\kater\\starwarschars\\StarWarsReact\\src\\interface\\Film.ts": {"path":"C:\\Users\\kater\\starwarschars\\StarWarsReact\\src\\interface\\Film.ts","all":true,"statementMap":{},"s":{},"branchMap":{"0":{"type":"branch","line":1,"loc":{"start":{"line":1,"column":403},"end":{"line":18,"column":1}},"locations":[{"start":{"line":1,"column":403},"end":{"line":18,"column":1}}]}},"b":{"0":[1]},"fnMap":{"0":{"name":"(empty-report)","decl":{"start":{"line":1,"column":403},"end":{"line":18,"column":1}},"loc":{"start":{"line":1,"column":403},"end":{"line":18,"column":1}},"line":1}},"f":{"0":1}}
,"C:\\Users\\kater\\starwarschars\\StarWarsReact\\src\\interface\\PageData.ts": {"path":"C:\\Users\\kater\\starwarschars\\StarWarsReact\\src\\interface\\PageData.ts","all":true,"statementMap":{},"s":{},"branchMap":{"0":{"type":"branch","line":1,"loc":{"start":{"line":1,"column":128},"end":{"line":6,"column":1}},"locations":[{"start":{"line":1,"column":128},"end":{"line":6,"column":1}}]}},"b":{"0":[1]},"fnMap":{"0":{"name":"(empty-report)","decl":{"start":{"line":1,"column":128},"end":{"line":6,"column":1}},"loc":{"start":{"line":1,"column":128},"end":{"line":6,"column":1}},"line":1}},"f":{"0":1}}
,"C:\\Users\\kater\\starwarschars\\StarWarsReact\\src\\interface\\People.ts": {"path":"C:\\Users\\kater\\starwarschars\\StarWarsReact\\src\\interface\\People.ts","all":true,"statementMap":{},"s":{},"branchMap":{"0":{"type":"branch","line":1,"loc":{"start":{"line":1,"column":463},"end":{"line":21,"column":1}},"locations":[{"start":{"line":1,"column":463},"end":{"line":21,"column":1}}]}},"b":{"0":[1]},"fnMap":{"0":{"name":"(empty-report)","decl":{"start":{"line":1,"column":463},"end":{"line":21,"column":1}},"loc":{"start":{"line":1,"column":463},"end":{"line":21,"column":1}},"line":1}},"f":{"0":1}}
,"C:\\Users\\kater\\starwarschars\\StarWarsReact\\src\\interface\\Results.ts": {"path":"C:\\Users\\kater\\starwarschars\\StarWarsReact\\src\\interface\\Results.ts","all":true,"statementMap":{},"s":{},"branchMap":{"0":{"type":"branch","line":1,"loc":{"start":{"line":1,"column":152},"end":{"line":8,"column":1}},"locations":[{"start":{"line":1,"column":152},"end":{"line":8,"column":1}}]}},"b":{"0":[1]},"fnMap":{"0":{"name":"(empty-report)","decl":{"start":{"line":1,"column":152},"end":{"line":8,"column":1}},"loc":{"start":{"line":1,"column":152},"end":{"line":8,"column":1}},"line":1}},"f":{"0":1}}
,"C:\\Users\\kater\\starwarschars\\StarWarsReact\\src\\interface\\Starship.ts": {"path":"C:\\Users\\kater\\starwarschars\\StarWarsReact\\src\\interface\\Starship.ts","all":true,"statementMap":{},"s":{},"branchMap":{"0":{"type":"branch","line":1,"loc":{"start":{"line":1,"column":501},"end":{"line":22,"column":1}},"locations":[{"start":{"line":1,"column":501},"end":{"line":22,"column":1}}]}},"b":{"0":[1]},"fnMap":{"0":{"name":"(empty-report)","decl":{"start":{"line":1,"column":501},"end":{"line":22,"column":1}},"loc":{"start":{"line":1,"column":501},"end":{"line":22,"column":1}},"line":1}},"f":{"0":1}}
}
